This file contains any messages produced by compilers while
running configure, to aid debugging if configure makes a mistake.

It was created by configure, which was
generated by GNU Autoconf 2.69.  Invocation command line was

  $ ./configure 

## --------- ##
## Platform. ##
## --------- ##

hostname = lcdbox
uname -m = x86_64
uname -r = 3.11.10-301.fc20.x86_64
uname -s = Linux
uname -v = #1 SMP Thu Dec 5 14:01:17 UTC 2013

/usr/bin/uname -p = x86_64
/bin/uname -X     = unknown

/bin/arch              = x86_64
/usr/bin/arch -k       = unknown
/usr/convex/getsysinfo = unknown
/usr/bin/hostinfo      = unknown
/bin/machine           = unknown
/usr/bin/oslevel       = unknown
/bin/universe          = unknown

PATH: /usr/lib64/qt-3.3/bin
PATH: /usr/local/bin
PATH: /usr/bin
PATH: /usr/local/sbin
PATH: /usr/sbin
PATH: /home/tj/.local/bin
PATH: /home/tj/bin


## ----------- ##
## Core tests. ##
## ----------- ##

configure:2096: checking build system type
configure:2110: result: x86_64-unknown-linux-gnu
configure:2130: checking host system type
configure:2143: result: x86_64-unknown-linux-gnu
configure:2212: checking for gcc
configure:2228: found /usr/bin/gcc
configure:2239: result: gcc
configure:2468: checking for C compiler version
configure:2477: gcc --version >&5
gcc (GCC) 4.8.2 20131212 (Red Hat 4.8.2-7)
Copyright (C) 2013 Free Software Foundation, Inc.
This is free software; see the source for copying conditions.  There is NO
warranty; not even for MERCHANTABILITY or FITNESS FOR A PARTICULAR PURPOSE.

configure:2488: $? = 0
configure:2477: gcc -v >&5
Using built-in specs.
COLLECT_GCC=gcc
COLLECT_LTO_WRAPPER=/usr/libexec/gcc/x86_64-redhat-linux/4.8.2/lto-wrapper
Target: x86_64-redhat-linux
Configured with: ../configure --prefix=/usr --mandir=/usr/share/man --infodir=/usr/share/info --with-bugurl=http://bugzilla.redhat.com/bugzilla --enable-bootstrap --enable-shared --enable-threads=posix --enable-checking=release --with-system-zlib --enable-__cxa_atexit --disable-libunwind-exceptions --enable-gnu-unique-object --enable-linker-build-id --with-linker-hash-style=gnu --enable-languages=c,c++,objc,obj-c++,java,fortran,ada,go,lto --enable-plugin --enable-initfini-array --enable-java-awt=gtk --disable-dssi --with-java-home=/usr/lib/jvm/java-1.5.0-gcj-1.5.0.0/jre --enable-libgcj-multifile --enable-java-maintainer-mode --with-ecj-jar=/usr/share/java/eclipse-ecj.jar --disable-libjava-multilib --with-isl=/builddir/build/BUILD/gcc-4.8.2-20131212/obj-x86_64-redhat-linux/isl-install --with-cloog=/builddir/build/BUILD/gcc-4.8.2-20131212/obj-x86_64-redhat-linux/cloog-install --with-tune=generic --with-arch_32=i686 --build=x86_64-redhat-linux
Thread model: posix
gcc version 4.8.2 20131212 (Red Hat 4.8.2-7) (GCC) 
configure:2488: $? = 0
configure:2477: gcc -V >&5
gcc: error: unrecognized command line option '-V'
gcc: fatal error: no input files
compilation terminated.
configure:2488: $? = 4
configure:2477: gcc -qversion >&5
gcc: error: unrecognized command line option '-qversion'
gcc: fatal error: no input files
compilation terminated.
configure:2488: $? = 4
configure:2508: checking whether the C compiler works
configure:2530: gcc    conftest.c  >&5
configure:2534: $? = 0
configure:2582: result: yes
configure:2585: checking for C compiler default output file name
configure:2587: result: a.out
configure:2593: checking for suffix of executables
configure:2600: gcc -o conftest    conftest.c  >&5
configure:2604: $? = 0
configure:2626: result: 
configure:2648: checking whether we are cross compiling
configure:2656: gcc -o conftest    conftest.c  >&5
configure:2660: $? = 0
configure:2667: ./conftest
configure:2671: $? = 0
configure:2686: result: no
configure:2691: checking for suffix of object files
configure:2713: gcc -c   conftest.c >&5
configure:2717: $? = 0
configure:2738: result: o
configure:2742: checking whether we are using the GNU C compiler
configure:2761: gcc -c   conftest.c >&5
configure:2761: $? = 0
configure:2770: result: yes
configure:2779: checking whether gcc accepts -g
configure:2799: gcc -c -g  conftest.c >&5
configure:2799: $? = 0
configure:2840: result: yes
configure:2857: checking for gcc option to accept ISO C89
configure:2920: gcc  -c -g -O2  conftest.c >&5
configure:2920: $? = 0
configure:2933: result: none needed
configure:2958: checking for platform-specific compiler flags
configure:3051: result: none needed
configure:3093: checking how to run the C preprocessor
configure:3124: gcc -E  conftest.c
configure:3124: $? = 0
configure:3138: gcc -E  conftest.c
conftest.c:10:28: fatal error: ac_nonexistent.h: No such file or directory
 #include <ac_nonexistent.h>
                            ^
compilation terminated.
configure:3138: $? = 1
configure: failed program was:
| /* confdefs.h */
| #define PACKAGE_NAME ""
| #define PACKAGE_TARNAME ""
| #define PACKAGE_VERSION ""
| #define PACKAGE_STRING ""
| #define PACKAGE_BUGREPORT ""
| #define PACKAGE_URL ""
| #define SYS_LINUX 1
| /* end confdefs.h.  */
| #include <ac_nonexistent.h>
configure:3163: result: gcc -E
configure:3183: gcc -E  conftest.c
configure:3183: $? = 0
configure:3197: gcc -E  conftest.c
conftest.c:10:28: fatal error: ac_nonexistent.h: No such file or directory
 #include <ac_nonexistent.h>
                            ^
compilation terminated.
configure:3197: $? = 1
configure: failed program was:
| /* confdefs.h */
| #define PACKAGE_NAME ""
| #define PACKAGE_TARNAME ""
| #define PACKAGE_VERSION ""
| #define PACKAGE_STRING ""
| #define PACKAGE_BUGREPORT ""
| #define PACKAGE_URL ""
| #define SYS_LINUX 1
| /* end confdefs.h.  */
| #include <ac_nonexistent.h>
configure:3226: checking for grep that handles long lines and -e
configure:3284: result: /usr/bin/grep
configure:3289: checking for egrep
configure:3351: result: /usr/bin/grep -E
configure:3356: checking for ANSI C header files
configure:3376: gcc -c -g -O2  conftest.c >&5
configure:3376: $? = 0
configure:3449: gcc -o conftest -g -O2   conftest.c  >&5
configure:3449: $? = 0
configure:3449: ./conftest
configure:3449: $? = 0
configure:3460: result: yes
configure:3473: checking for sys/types.h
configure:3473: gcc -c -g -O2  conftest.c >&5
configure:3473: $? = 0
configure:3473: result: yes
configure:3473: checking for sys/stat.h
configure:3473: gcc -c -g -O2  conftest.c >&5
configure:3473: $? = 0
configure:3473: result: yes
configure:3473: checking for stdlib.h
configure:3473: gcc -c -g -O2  conftest.c >&5
configure:3473: $? = 0
configure:3473: result: yes
configure:3473: checking for string.h
configure:3473: gcc -c -g -O2  conftest.c >&5
configure:3473: $? = 0
configure:3473: result: yes
configure:3473: checking for memory.h
configure:3473: gcc -c -g -O2  conftest.c >&5
configure:3473: $? = 0
configure:3473: result: yes
configure:3473: checking for strings.h
configure:3473: gcc -c -g -O2  conftest.c >&5
configure:3473: $? = 0
configure:3473: result: yes
configure:3473: checking for inttypes.h
configure:3473: gcc -c -g -O2  conftest.c >&5
configure:3473: $? = 0
configure:3473: result: yes
configure:3473: checking for stdint.h
configure:3473: gcc -c -g -O2  conftest.c >&5
configure:3473: $? = 0
configure:3473: result: yes
configure:3473: checking for unistd.h
configure:3473: gcc -c -g -O2  conftest.c >&5
configure:3473: $? = 0
configure:3473: result: yes
configure:3485: checking whether byte ordering is bigendian
configure:3500: gcc -c -g -O2  conftest.c >&5
conftest.c:21:9: error: unknown type name 'not'
         not a universal capable compiler
         ^
conftest.c:21:15: error: expected '=', ',', ';', 'asm' or '__attribute__' before 'universal'
         not a universal capable compiler
               ^
conftest.c:21:15: error: unknown type name 'universal'
configure:3500: $? = 1
configure: failed program was:
| /* confdefs.h */
| #define PACKAGE_NAME ""
| #define PACKAGE_TARNAME ""
| #define PACKAGE_VERSION ""
| #define PACKAGE_STRING ""
| #define PACKAGE_BUGREPORT ""
| #define PACKAGE_URL ""
| #define SYS_LINUX 1
| #define STDC_HEADERS 1
| #define HAVE_SYS_TYPES_H 1
| #define HAVE_SYS_STAT_H 1
| #define HAVE_STDLIB_H 1
| #define HAVE_STRING_H 1
| #define HAVE_MEMORY_H 1
| #define HAVE_STRINGS_H 1
| #define HAVE_INTTYPES_H 1
| #define HAVE_STDINT_H 1
| #define HAVE_UNISTD_H 1
| /* end confdefs.h.  */
| #ifndef __APPLE_CC__
| 	       not a universal capable compiler
| 	     #endif
| 	     typedef int dummy;
| 
configure:3545: gcc -c -g -O2  conftest.c >&5
configure:3545: $? = 0
configure:3563: gcc -c -g -O2  conftest.c >&5
conftest.c: In function 'main':
conftest.c:27:4: error: unknown type name 'not'
    not big endian
    ^
conftest.c:27:12: error: expected '=', ',', ';', 'asm' or '__attribute__' before 'endian'
    not big endian
            ^
configure:3563: $? = 1
configure: failed program was:
| /* confdefs.h */
| #define PACKAGE_NAME ""
| #define PACKAGE_TARNAME ""
| #define PACKAGE_VERSION ""
| #define PACKAGE_STRING ""
| #define PACKAGE_BUGREPORT ""
| #define PACKAGE_URL ""
| #define SYS_LINUX 1
| #define STDC_HEADERS 1
| #define HAVE_SYS_TYPES_H 1
| #define HAVE_SYS_STAT_H 1
| #define HAVE_STDLIB_H 1
| #define HAVE_STRING_H 1
| #define HAVE_MEMORY_H 1
| #define HAVE_STRINGS_H 1
| #define HAVE_INTTYPES_H 1
| #define HAVE_STDINT_H 1
| #define HAVE_UNISTD_H 1
| /* end confdefs.h.  */
| #include <sys/types.h>
| 		#include <sys/param.h>
| 
| int
| main ()
| {
| #if BYTE_ORDER != BIG_ENDIAN
| 		 not big endian
| 		#endif
| 
|   ;
|   return 0;
| }
configure:3691: result: no
configure:3710: checking for ANSI C header files
configure:3814: result: yes
configure:3828: checking stdio.h usability
configure:3828: gcc -c -g -O2  conftest.c >&5
configure:3828: $? = 0
configure:3828: result: yes
configure:3828: checking stdio.h presence
configure:3828: gcc -E  conftest.c
configure:3828: $? = 0
configure:3828: result: yes
configure:3828: checking for stdio.h
configure:3828: result: yes
configure:3828: checking for sys/types.h
configure:3828: result: yes
configure:3828: checking signal.h usability
configure:3828: gcc -c -g -O2  conftest.c >&5
configure:3828: $? = 0
configure:3828: result: yes
configure:3828: checking signal.h presence
configure:3828: gcc -E  conftest.c
configure:3828: $? = 0
configure:3828: result: yes
configure:3828: checking for signal.h
configure:3828: result: yes
configure:3828: checking sys/socket.h usability
configure:3828: gcc -c -g -O2  conftest.c >&5
configure:3828: $? = 0
configure:3828: result: yes
configure:3828: checking sys/socket.h presence
configure:3828: gcc -E  conftest.c
configure:3828: $? = 0
configure:3828: result: yes
configure:3828: checking for sys/socket.h
configure:3828: result: yes
configure:3828: checking pthread.h usability
configure:3828: gcc -c -g -O2  conftest.c >&5
configure:3828: $? = 0
configure:3828: result: yes
configure:3828: checking pthread.h presence
configure:3828: gcc -E  conftest.c
configure:3828: $? = 0
configure:3828: result: yes
configure:3828: checking for pthread.h
configure:3828: result: yes
configure:3839: checking for pthread_create in -lpthread
configure:3864: gcc -o conftest -g -O2   conftest.c -lpthread   >&5
configure:3864: $? = 0
configure:3873: result: yes
configure:3885: checking for pow in -lm
configure:3910: gcc -o conftest -g -O2   conftest.c -lm   -lpthread >&5
conftest.c:34:6: warning: conflicting types for built-in function 'pow' [enabled by default]
 char pow ();
      ^
configure:3910: $? = 0
configure:3919: result: yes
configure:3931: checking for libwebsocket_create_context in -lwebsockets
configure:3956: gcc -o conftest -g -O2   conftest.c -lwebsockets   -lpthread -lm >&5
configure:3956: $? = 0
configure:3965: result: yes
configure:3977: checking usb.h usability
configure:3977: gcc -c -g -O2  conftest.c >&5
configure:3977: $? = 0
configure:3977: result: yes
configure:3977: checking usb.h presence
configure:3977: gcc -E  conftest.c
configure:3977: $? = 0
configure:3977: result: yes
configure:3977: checking for usb.h
configure:3977: result: yes
configure:3985: checking for usb_init in -lusb
configure:4010: gcc -o conftest -g -O2   conftest.c -lusb  -lwebsockets  -lpthread -lm >&5
configure:4010: $? = 0
configure:4019: result: yes
configure:4032: checking for initscr in -lncurses
configure:4057: gcc -o conftest -g -O2   conftest.c -lncurses  -lwebsockets  -lpthread -lm -lusb >&5
/usr/bin/ld: cannot find -lncurses
collect2: error: ld returned 1 exit status
configure:4057: $? = 1
configure: failed program was:
| /* confdefs.h */
| #define PACKAGE_NAME ""
| #define PACKAGE_TARNAME ""
| #define PACKAGE_VERSION ""
| #define PACKAGE_STRING ""
| #define PACKAGE_BUGREPORT ""
| #define PACKAGE_URL ""
| #define SYS_LINUX 1
| #define STDC_HEADERS 1
| #define HAVE_SYS_TYPES_H 1
| #define HAVE_SYS_STAT_H 1
| #define HAVE_STDLIB_H 1
| #define HAVE_STRING_H 1
| #define HAVE_MEMORY_H 1
| #define HAVE_STRINGS_H 1
| #define HAVE_INTTYPES_H 1
| #define HAVE_STDINT_H 1
| #define HAVE_UNISTD_H 1
| #define STDC_HEADERS 1
| #define HAVE_STDIO_H 1
| #define HAVE_SYS_TYPES_H 1
| #define HAVE_SIGNAL_H 1
| #define HAVE_SYS_SOCKET_H 1
| #define HAVE_PTHREAD_H 1
| #define HAVE_LIBPTHREAD 1
| #define HAVE_LIBM 1
| #define HAVE_LIBWEBSOCKETS 1
| #define HAVE_LIBUSB 1
| /* end confdefs.h.  */
| 
| /* Override any GCC internal prototype to avoid an error.
|    Use char because int might match the return type of a GCC
|    builtin and then its argument prototype would still apply.  */
| #ifdef __cplusplus
| extern "C"
| #endif
| char initscr ();
| int
| main ()
| {
| return initscr ();
|   ;
|   return 0;
| }
configure:4066: result: no
configure:4077: checking for initscr in -lcurses
configure:4102: gcc -o conftest -g -O2   conftest.c -lcurses  -lwebsockets  -lpthread -lm -lusb >&5
/usr/bin/ld: cannot find -lcurses
collect2: error: ld returned 1 exit status
configure:4102: $? = 1
configure: failed program was:
| /* confdefs.h */
| #define PACKAGE_NAME ""
| #define PACKAGE_TARNAME ""
| #define PACKAGE_VERSION ""
| #define PACKAGE_STRING ""
| #define PACKAGE_BUGREPORT ""
| #define PACKAGE_URL ""
| #define SYS_LINUX 1
| #define STDC_HEADERS 1
| #define HAVE_SYS_TYPES_H 1
| #define HAVE_SYS_STAT_H 1
| #define HAVE_STDLIB_H 1
| #define HAVE_STRING_H 1
| #define HAVE_MEMORY_H 1
| #define HAVE_STRINGS_H 1
| #define HAVE_INTTYPES_H 1
| #define HAVE_STDINT_H 1
| #define HAVE_UNISTD_H 1
| #define STDC_HEADERS 1
| #define HAVE_STDIO_H 1
| #define HAVE_SYS_TYPES_H 1
| #define HAVE_SIGNAL_H 1
| #define HAVE_SYS_SOCKET_H 1
| #define HAVE_PTHREAD_H 1
| #define HAVE_LIBPTHREAD 1
| #define HAVE_LIBM 1
| #define HAVE_LIBWEBSOCKETS 1
| #define HAVE_LIBUSB 1
| /* end confdefs.h.  */
| 
| /* Override any GCC internal prototype to avoid an error.
|    Use char because int might match the return type of a GCC
|    builtin and then its argument prototype would still apply.  */
| #ifdef __cplusplus
| extern "C"
| #endif
| char initscr ();
| int
| main ()
| {
| return initscr ();
|   ;
|   return 0;
| }
configure:4111: result: no
configure:4139: WARNING: *** Could not find curses library.  Curses grapher will not be built.
configure:4146: checking values.h usability
configure:4146: gcc -c -g -O2  conftest.c >&5
configure:4146: $? = 0
configure:4146: result: yes
configure:4146: checking values.h presence
configure:4146: gcc -E  conftest.c
configure:4146: $? = 0
configure:4146: result: yes
configure:4146: checking for values.h
configure:4146: result: yes
configure:4209: checking for pkg-config
configure:4227: found /usr/bin/pkg-config
configure:4239: result: /usr/bin/pkg-config
configure:4264: checking pkg-config is at least version 0.9.0
configure:4267: result: yes
configure:4277: checking for pkggtk2
configure:4284: $PKG_CONFIG --exists --print-errors "gtk+-2.0"
Package gtk+-2.0 was not found in the pkg-config search path.
Perhaps you should add the directory containing `gtk+-2.0.pc'
to the PKG_CONFIG_PATH environment variable
No package 'gtk+-2.0' found
configure:4287: $? = 1
configure:4301: $PKG_CONFIG --exists --print-errors "gtk+-2.0"
Package gtk+-2.0 was not found in the pkg-config search path.
Perhaps you should add the directory containing `gtk+-2.0.pc'
to the PKG_CONFIG_PATH environment variable
No package 'gtk+-2.0' found
configure:4304: $? = 1
configure:4318: result: no
No package 'gtk+-2.0' found
configure:4352: checking for gtk-config
configure:4380: result: no
configure:4391: WARNING: *** GTK does not appear to be installed.  GTK client will not be built.
configure:4629: checking for Linux headers with DEVFS_DISCONNECT support
configure:4651: gcc -o conftest -g -O2   conftest.c -lwebsockets  -lpthread -lm -lusb >&5
configure:4651: $? = 0
configure:4659: result: yes
configure:4795: creating ./config.status

## ---------------------- ##
## Running config.status. ##
## ---------------------- ##

This file was extended by config.status, which was
generated by GNU Autoconf 2.69.  Invocation command line was

  CONFIG_FILES    = 
  CONFIG_HEADERS  = 
  CONFIG_LINKS    = 
  CONFIG_COMMANDS = 
  $ ./config.status 

on lcdbox

config.status:832: creating Makefile
config.status:931: WARNING:  'Makefile.in' seems to ignore the --datarootdir setting
config.status:832: creating config.h
config.status:1002: config.h is unchanged

## ---------------- ##
## Cache variables. ##
## ---------------- ##

ac_cv_build=x86_64-unknown-linux-gnu
ac_cv_c_bigendian=no
ac_cv_c_compiler_gnu=yes
ac_cv_env_CC_set=
ac_cv_env_CC_value=
ac_cv_env_CFLAGS_set=
ac_cv_env_CFLAGS_value=
ac_cv_env_CPPFLAGS_set=
ac_cv_env_CPPFLAGS_value=
ac_cv_env_CPP_set=
ac_cv_env_CPP_value=
ac_cv_env_LDFLAGS_set=
ac_cv_env_LDFLAGS_value=
ac_cv_env_LIBS_set=
ac_cv_env_LIBS_value=
ac_cv_env_PKG_CONFIG_LIBDIR_set=
ac_cv_env_PKG_CONFIG_LIBDIR_value=
ac_cv_env_PKG_CONFIG_PATH_set=
ac_cv_env_PKG_CONFIG_PATH_value=
ac_cv_env_PKG_CONFIG_set=
ac_cv_env_PKG_CONFIG_value=
ac_cv_env_build_alias_set=
ac_cv_env_build_alias_value=
ac_cv_env_host_alias_set=
ac_cv_env_host_alias_value=
ac_cv_env_pkgdbus_CFLAGS_set=
ac_cv_env_pkgdbus_CFLAGS_value=
ac_cv_env_pkgdbus_LIBS_set=
ac_cv_env_pkgdbus_LIBS_value=
ac_cv_env_pkggtk2_CFLAGS_set=
ac_cv_env_pkggtk2_CFLAGS_value=
ac_cv_env_pkggtk2_LIBS_set=
ac_cv_env_pkggtk2_LIBS_value=
ac_cv_env_pkghildon_CFLAGS_set=
ac_cv_env_pkghildon_CFLAGS_value=
ac_cv_env_pkghildon_LIBS_set=
ac_cv_env_pkghildon_LIBS_value=
ac_cv_env_target_alias_set=
ac_cv_env_target_alias_value=
ac_cv_header_inttypes_h=yes
ac_cv_header_memory_h=yes
ac_cv_header_pthread_h=yes
ac_cv_header_signal_h=yes
ac_cv_header_stdc=yes
ac_cv_header_stdint_h=yes
ac_cv_header_stdio_h=yes
ac_cv_header_stdlib_h=yes
ac_cv_header_string_h=yes
ac_cv_header_strings_h=yes
ac_cv_header_sys_socket_h=yes
ac_cv_header_sys_stat_h=yes
ac_cv_header_sys_types_h=yes
ac_cv_header_unistd_h=yes
ac_cv_header_usb_h=yes
ac_cv_header_values_h=yes
ac_cv_host=x86_64-unknown-linux-gnu
ac_cv_lib_curses_initscr=no
ac_cv_lib_m_pow=yes
ac_cv_lib_ncurses_initscr=no
ac_cv_lib_pthread_pthread_create=yes
ac_cv_lib_usb_usb_init=yes
ac_cv_lib_websockets_libwebsocket_create_context=yes
ac_cv_objext=o
ac_cv_path_EGREP='/usr/bin/grep -E'
ac_cv_path_GREP=/usr/bin/grep
ac_cv_path_ac_pt_PKG_CONFIG=/usr/bin/pkg-config
ac_cv_prog_CPP='gcc -E'
ac_cv_prog_ac_ct_CC=gcc
ac_cv_prog_cc_c89=
ac_cv_prog_cc_g=yes
ac_cv_prog_gtkconf=no

## ----------------- ##
## Output variables. ##
## ----------------- ##

CC='gcc'
CFLAGS='-g -O2'
CPP='gcc -E'
CPPFLAGS=''
CURSLIBS=''
DEFS='-DHAVE_CONFIG_H'
ECHO_C=''
ECHO_N='-n'
ECHO_T=''
EGREP='/usr/bin/grep -E'
EXEEXT=''
GREP='/usr/bin/grep'
GTKLIBS=''
HILDLIBS=''
LDFLAGS=''
LIBOBJS=''
LIBS='-lwebsockets  -lpthread -lm -lusb'
LTLIBOBJS=''
OBJEXT='o'
PACKAGE_BUGREPORT=''
PACKAGE_NAME=''
PACKAGE_STRING=''
PACKAGE_TARNAME=''
PACKAGE_URL=''
PACKAGE_VERSION=''
PATH_SEPARATOR=':'
PKG_CONFIG='/usr/bin/pkg-config'
PKG_CONFIG_LIBDIR=''
PKG_CONFIG_PATH=''
SHELL='/bin/sh'
TARGETS='spectool_web'
ac_ct_CC='gcc'
bindir='${exec_prefix}/bin'
build='x86_64-unknown-linux-gnu'
build_alias=''
build_cpu='x86_64'
build_os='linux-gnu'
build_vendor='unknown'
datadir='${datarootdir}'
datarootdir='${prefix}/share'
docdir='${datarootdir}/doc/${PACKAGE}'
dvidir='${docdir}'
exec_prefix='${prefix}'
gtkconf='no'
host='x86_64-unknown-linux-gnu'
host_alias=''
host_cpu='x86_64'
host_os='linux-gnu'
host_vendor='unknown'
htmldir='${docdir}'
includedir='${prefix}/include'
infodir='${datarootdir}/info'
libdir='${exec_prefix}/lib'
libexecdir='${exec_prefix}/libexec'
localedir='${datarootdir}/locale'
localstatedir='${prefix}/var'
mandir='${datarootdir}/man'
oldincludedir='/usr/include'
pdfdir='${docdir}'
pkgdbus_CFLAGS=''
pkgdbus_LIBS=''
pkggtk2_CFLAGS=''
pkggtk2_LIBS=''
pkghildon_CFLAGS=''
pkghildon_LIBS=''
prefix='/usr/local'
program_transform_name='s,x,x,'
psdir='${docdir}'
sbindir='${exec_prefix}/sbin'
sharedstatedir='${prefix}/com'
sysconfdir='${prefix}/etc'
target_alias=''

## ----------- ##
## confdefs.h. ##
## ----------- ##

/* confdefs.h */
#define PACKAGE_NAME ""
#define PACKAGE_TARNAME ""
#define PACKAGE_VERSION ""
#define PACKAGE_STRING ""
#define PACKAGE_BUGREPORT ""
#define PACKAGE_URL ""
#define SYS_LINUX 1
#define STDC_HEADERS 1
#define HAVE_SYS_TYPES_H 1
#define HAVE_SYS_STAT_H 1
#define HAVE_STDLIB_H 1
#define HAVE_STRING_H 1
#define HAVE_MEMORY_H 1
#define HAVE_STRINGS_H 1
#define HAVE_INTTYPES_H 1
#define HAVE_STDINT_H 1
#define HAVE_UNISTD_H 1
#define STDC_HEADERS 1
#define HAVE_STDIO_H 1
#define HAVE_SYS_TYPES_H 1
#define HAVE_SIGNAL_H 1
#define HAVE_SYS_SOCKET_H 1
#define HAVE_PTHREAD_H 1
#define HAVE_LIBPTHREAD 1
#define HAVE_LIBM 1
#define HAVE_LIBWEBSOCKETS 1
#define HAVE_LIBUSB 1
#define HAVE_VALUES_H 1
#define HAVE_LINUX_DEVDISCONNECT 1

configure: exit 0
